02/15/2026 16:45:55 - INFO - macbert4csc_pinyin_screen_baseline_seed42_20260215_164555 - run_dir=D:\Code_Projects\Personal_Projects\csc_project-1\macro_correct\output\text_correction\stage1_screen\screen_baseline_seed42_20260215_164555
02/15/2026 16:45:55 - INFO - macbert4csc_pinyin_screen_baseline_seed42_20260215_164555 - dataset_profile=sighan2015, use_pinyin=False, seed=42
02/15/2026 16:45:55 - INFO - macbert4csc_pinyin_screen_baseline_seed42_20260215_164555 - device=cuda, n_gpu=1
02/15/2026 16:45:59 - INFO - macbert4csc_pinyin_screen_baseline_seed42_20260215_164555 - train_examples=2339, dev_examples=1100
02/15/2026 16:45:59 - INFO - macbert4csc_pinyin_screen_baseline_seed42_20260215_164555 - [sample] id=train-0
02/15/2026 16:45:59 - INFO - macbert4csc_pinyin_screen_baseline_seed42_20260215_164555 - [sample] src=我知道去年卫生局和资产局宣布规定关于有几类的食料而这个规定就很清楚。
02/15/2026 16:45:59 - INFO - macbert4csc_pinyin_screen_baseline_seed42_20260215_164555 - [sample] trg=我知道去年卫生局和资产局宣布规定关于有机类的食料而这个规定就很清楚。
02/15/2026 16:45:59 - INFO - macbert4csc_pinyin_screen_baseline_seed42_20260215_164555 - [sample] id=train-1
02/15/2026 16:45:59 - INFO - macbert4csc_pinyin_screen_baseline_seed42_20260215_164555 - [sample] src=如果老师做不好的事情，家长可以马上告诉老师他的措施在哪里，所以会马上改一改哪一方面是错的。
02/15/2026 16:45:59 - INFO - macbert4csc_pinyin_screen_baseline_seed42_20260215_164555 - [sample] trg=如果老师做不好的事情，家长可以马上告诉老师他的错是在哪里，所以会马上改一改哪一方面是错的。
02/15/2026 16:45:59 - INFO - macbert4csc_pinyin_screen_baseline_seed42_20260215_164555 - [sample] id=train-2
02/15/2026 16:45:59 - INFO - macbert4csc_pinyin_screen_baseline_seed42_20260215_164555 - [sample] src=我干快洗澡，洗了一个澡，把我的包包上身，我跑路去等公车。
02/15/2026 16:45:59 - INFO - macbert4csc_pinyin_screen_baseline_seed42_20260215_164555 - [sample] trg=我赶快洗澡，洗了一个澡，把我的包包上身，我跑路去等公车。
02/15/2026 16:46:01 - INFO - macbert4csc_pinyin_screen_baseline_seed42_20260215_164555 - [sample] id=dev-0
02/15/2026 16:46:01 - INFO - macbert4csc_pinyin_screen_baseline_seed42_20260215_164555 - [sample] src=你好！我是张爱文。
02/15/2026 16:46:01 - INFO - macbert4csc_pinyin_screen_baseline_seed42_20260215_164555 - [sample] trg=你好！我是张爱文。
02/15/2026 16:46:01 - INFO - macbert4csc_pinyin_screen_baseline_seed42_20260215_164555 - [sample] id=dev-1
02/15/2026 16:46:01 - INFO - macbert4csc_pinyin_screen_baseline_seed42_20260215_164555 - [sample] src=下个星期，我跟我朋唷打算去法国玩儿。
02/15/2026 16:46:01 - INFO - macbert4csc_pinyin_screen_baseline_seed42_20260215_164555 - [sample] trg=下个星期，我跟我朋友打算去法国玩儿。
02/15/2026 16:46:01 - INFO - macbert4csc_pinyin_screen_baseline_seed42_20260215_164555 - [sample] id=dev-2
02/15/2026 16:46:01 - INFO - macbert4csc_pinyin_screen_baseline_seed42_20260215_164555 - [sample] src=我听说，你找到新工作，我很高兴。
02/15/2026 16:46:01 - INFO - macbert4csc_pinyin_screen_baseline_seed42_20260215_164555 - [sample] trg=我听说，你找到新工作，我很高兴。
02/15/2026 16:46:03 - INFO - macbert4csc_pinyin_screen_baseline_seed42_20260215_164555 - ***** start training *****
02/15/2026 16:46:03 - INFO - macbert4csc_pinyin_screen_baseline_seed42_20260215_164555 - max_train_steps=400, num_train_epochs=11, save_steps=100
02/15/2026 16:46:03 - INFO - macbert4csc_pinyin_screen_baseline_seed42_20260215_164555 - ========== epoch 1/11 ==========
02/15/2026 16:54:30 - INFO - macbert4csc_pinyin_screen_baseline_seed42_20260215_164555 - ========== epoch 2/11 ==========
02/15/2026 17:03:02 - INFO - macbert4csc_pinyin_screen_baseline_seed42_20260215_164555 - ========== epoch 3/11 ==========
02/15/2026 17:09:36 - INFO - macbert4csc_pinyin_screen_baseline_seed42_20260215_164555 - [eval] sample prediction:
02/15/2026 17:09:36 - INFO - macbert4csc_pinyin_screen_baseline_seed42_20260215_164555 - [eval] src: 你好！我是张爱文。
02/15/2026 17:09:36 - INFO - macbert4csc_pinyin_screen_baseline_seed42_20260215_164555 - [eval] trg: 你好！我是张爱文。
02/15/2026 17:09:36 - INFO - macbert4csc_pinyin_screen_baseline_seed42_20260215_164555 - [eval] prd: 你好！我是张爱文。
02/15/2026 17:09:36 - INFO - macbert4csc_pinyin_screen_baseline_seed42_20260215_164555 - [eval] step=100 cor_f1=0.0254 det_f1=0.0254 cor_p=0.7778 cor_r=0.0129
02/15/2026 17:12:03 - INFO - macbert4csc_pinyin_screen_baseline_seed42_20260215_164555 - ========== epoch 4/11 ==========
02/15/2026 17:20:54 - INFO - macbert4csc_pinyin_screen_baseline_seed42_20260215_164555 - ========== epoch 5/11 ==========
02/15/2026 17:29:44 - INFO - macbert4csc_pinyin_screen_baseline_seed42_20260215_164555 - ========== epoch 6/11 ==========
02/15/2026 17:34:00 - INFO - macbert4csc_pinyin_screen_baseline_seed42_20260215_164555 - [eval] sample prediction:
02/15/2026 17:34:00 - INFO - macbert4csc_pinyin_screen_baseline_seed42_20260215_164555 - [eval] src: 你好！我是张爱文。
02/15/2026 17:34:00 - INFO - macbert4csc_pinyin_screen_baseline_seed42_20260215_164555 - [eval] trg: 你好！我是张爱文。
02/15/2026 17:34:00 - INFO - macbert4csc_pinyin_screen_baseline_seed42_20260215_164555 - [eval] prd: 你好！我是张爱文。
02/15/2026 17:34:00 - INFO - macbert4csc_pinyin_screen_baseline_seed42_20260215_164555 - [eval] step=200 cor_f1=0.1553 det_f1=0.1583 cor_p=0.6316 cor_r=0.0886
02/15/2026 17:39:08 - INFO - macbert4csc_pinyin_screen_baseline_seed42_20260215_164555 - ========== epoch 7/11 ==========
02/15/2026 17:47:56 - INFO - macbert4csc_pinyin_screen_baseline_seed42_20260215_164555 - ========== epoch 8/11 ==========
02/15/2026 17:56:35 - INFO - macbert4csc_pinyin_screen_baseline_seed42_20260215_164555 - ========== epoch 9/11 ==========
02/15/2026 17:58:13 - INFO - macbert4csc_pinyin_screen_baseline_seed42_20260215_164555 - [eval] sample prediction:
02/15/2026 17:58:13 - INFO - macbert4csc_pinyin_screen_baseline_seed42_20260215_164555 - [eval] src: 你好！我是张爱文。
02/15/2026 17:58:13 - INFO - macbert4csc_pinyin_screen_baseline_seed42_20260215_164555 - [eval] trg: 你好！我是张爱文。
02/15/2026 17:58:13 - INFO - macbert4csc_pinyin_screen_baseline_seed42_20260215_164555 - [eval] prd: 你好！我是张爱文。
02/15/2026 17:58:13 - INFO - macbert4csc_pinyin_screen_baseline_seed42_20260215_164555 - [eval] step=300 cor_f1=0.2384 det_f1=0.2492 cor_p=0.7404 cor_r=0.1421
02/15/2026 18:06:12 - INFO - macbert4csc_pinyin_screen_baseline_seed42_20260215_164555 - ========== epoch 10/11 ==========
02/15/2026 18:15:03 - INFO - macbert4csc_pinyin_screen_baseline_seed42_20260215_164555 - ========== epoch 11/11 ==========
02/15/2026 18:23:03 - INFO - macbert4csc_pinyin_screen_baseline_seed42_20260215_164555 - [eval] sample prediction:
02/15/2026 18:23:03 - INFO - macbert4csc_pinyin_screen_baseline_seed42_20260215_164555 - [eval] src: 你好！我是张爱文。
02/15/2026 18:23:03 - INFO - macbert4csc_pinyin_screen_baseline_seed42_20260215_164555 - [eval] trg: 你好！我是张爱文。
02/15/2026 18:23:03 - INFO - macbert4csc_pinyin_screen_baseline_seed42_20260215_164555 - [eval] prd: 你好！我是张爱文。
02/15/2026 18:23:03 - INFO - macbert4csc_pinyin_screen_baseline_seed42_20260215_164555 - [eval] step=400 cor_f1=0.2553 det_f1=0.2685 cor_p=0.7241 cor_r=0.1550
02/15/2026 18:23:04 - INFO - macbert4csc_pinyin_screen_baseline_seed42_20260215_164555 - training finished: best_cor_f1=0.2553 at step=400
