01/28/2026 19:57:15 - INFO - __main__ -   设备: cpu, GPU数量: 0
01/28/2026 19:57:15 - INFO - __main__ -   加载 Tokenizer...
01/28/2026 19:57:15 - WARNING - __main__ -   从本地缓存加载失败，尝试从网络下载: We couldn't connect to 'https://hf-mirror.com' to load the files, and couldn't find them in the cached files.
Check your internet connection or see how to run the library in offline mode at 'https://huggingface.co/docs/transformers/installation#offline-mode'.
01/28/2026 20:01:31 - INFO - __main__ -   设备: cpu, GPU数量: 0
01/28/2026 20:01:31 - INFO - __main__ -   加载 Tokenizer...
01/28/2026 20:01:31 - WARNING - __main__ -   从本地缓存加载失败，尝试从网络下载: We couldn't connect to 'https://hf-mirror.com' to load the files, and couldn't find them in the cached files.
Check your internet connection or see how to run the library in offline mode at 'https://huggingface.co/docs/transformers/installation#offline-mode'.
01/28/2026 20:01:37 - INFO - __main__ -   初始化拼音融合模型...
01/28/2026 20:02:56 - INFO - __main__ -   加载训练数据...
01/28/2026 20:02:56 - INFO - __main__ -   训练样本数: 2339
01/28/2026 20:02:56 - INFO - __main__ -   *** 样本示例 ***
01/28/2026 20:02:56 - INFO - __main__ -   ID: train-0
01/28/2026 20:02:56 - INFO - __main__ -   错误句子: 我知道去年卫生局和资产局宣布规定关于有几类的食料而这个规定就很清楚。
01/28/2026 20:02:56 - INFO - __main__ -   正确句子: 我知道去年卫生局和资产局宣布规定关于有机类的食料而这个规定就很清楚。
01/28/2026 20:02:56 - INFO - __main__ -   拼音形状: torch.Size([128, 8])
01/28/2026 20:02:56 - INFO - __main__ -   *** 样本示例 ***
01/28/2026 20:02:56 - INFO - __main__ -   ID: train-1
01/28/2026 20:02:56 - INFO - __main__ -   错误句子: 如果老师做不好的事情，家长可以马上告诉老师他的措施在哪里，所以会马上改一改哪一方面是错的。
01/28/2026 20:02:56 - INFO - __main__ -   正确句子: 如果老师做不好的事情，家长可以马上告诉老师他的错是在哪里，所以会马上改一改哪一方面是错的。
01/28/2026 20:02:56 - INFO - __main__ -   拼音形状: torch.Size([128, 8])
01/28/2026 20:02:56 - INFO - __main__ -   *** 样本示例 ***
01/28/2026 20:02:56 - INFO - __main__ -   ID: train-2
01/28/2026 20:02:56 - INFO - __main__ -   错误句子: 我干快洗澡，洗了一个澡，把我的包包上身，我跑路去等公车。
01/28/2026 20:02:56 - INFO - __main__ -   正确句子: 我赶快洗澡，洗了一个澡，把我的包包上身，我跑路去等公车。
01/28/2026 20:02:56 - INFO - __main__ -   拼音形状: torch.Size([128, 8])
01/28/2026 20:02:56 - INFO - __main__ -   *** 样本示例 ***
01/28/2026 20:02:56 - INFO - __main__ -   ID: train-3
01/28/2026 20:02:56 - INFO - __main__ -   错误句子: 不要恐怕哪天我们家旁的环境，便到惨不忍赌的地步，被迫我们非搬家不可的。
01/28/2026 20:02:56 - INFO - __main__ -   正确句子: 不要恐怕哪天我们家旁的环境，变到惨不忍睹的地步，被迫我们非搬家不可的。
01/28/2026 20:02:56 - INFO - __main__ -   拼音形状: torch.Size([128, 8])
01/28/2026 20:02:56 - INFO - __main__ -   *** 样本示例 ***
01/28/2026 20:02:56 - INFO - __main__ -   ID: train-4
01/28/2026 20:02:56 - INFO - __main__ -   错误句子: 往前就一台车开过来，把林小安歹去车帐。
01/28/2026 20:02:56 - INFO - __main__ -   正确句子: 往前就一台车开过来，把林小安带去车站。
01/28/2026 20:02:56 - INFO - __main__ -   拼音形状: torch.Size([128, 8])
01/28/2026 20:02:59 - INFO - __main__ -   总训练步数: 100
01/28/2026 20:02:59 - INFO - __main__ -   训练轮数: 2
01/28/2026 20:02:59 - INFO - __main__ -   加载验证数据...
01/28/2026 20:02:59 - INFO - __main__ -   *** 样本示例 ***
01/28/2026 20:02:59 - INFO - __main__ -   ID: dev-0
01/28/2026 20:02:59 - INFO - __main__ -   错误句子: 你好！我是张爱文。
01/28/2026 20:02:59 - INFO - __main__ -   正确句子: 你好！我是张爱文。
01/28/2026 20:02:59 - INFO - __main__ -   拼音形状: torch.Size([128, 8])
01/28/2026 20:02:59 - INFO - __main__ -   *** 样本示例 ***
01/28/2026 20:02:59 - INFO - __main__ -   ID: dev-1
01/28/2026 20:02:59 - INFO - __main__ -   错误句子: 下个星期，我跟我朋唷打算去法国玩儿。
01/28/2026 20:02:59 - INFO - __main__ -   正确句子: 下个星期，我跟我朋友打算去法国玩儿。
01/28/2026 20:02:59 - INFO - __main__ -   拼音形状: torch.Size([128, 8])
01/28/2026 20:02:59 - INFO - __main__ -   *** 样本示例 ***
01/28/2026 20:02:59 - INFO - __main__ -   ID: dev-2
01/28/2026 20:02:59 - INFO - __main__ -   错误句子: 我听说，你找到新工作，我很高兴。
01/28/2026 20:02:59 - INFO - __main__ -   正确句子: 我听说，你找到新工作，我很高兴。
01/28/2026 20:02:59 - INFO - __main__ -   拼音形状: torch.Size([128, 8])
01/28/2026 20:02:59 - INFO - __main__ -   *** 样本示例 ***
01/28/2026 20:02:59 - INFO - __main__ -   ID: dev-3
01/28/2026 20:02:59 - INFO - __main__ -   错误句子: 对不气，最近我很忙，所以我不会去妳的。
01/28/2026 20:02:59 - INFO - __main__ -   正确句子: 对不起，最近我很忙，所以我不会去妳的。
01/28/2026 20:02:59 - INFO - __main__ -   拼音形状: torch.Size([128, 8])
01/28/2026 20:02:59 - INFO - __main__ -   *** 样本示例 ***
01/28/2026 20:02:59 - INFO - __main__ -   ID: dev-4
01/28/2026 20:02:59 - INFO - __main__ -   错误句子: 真麻烦你了。希望你们好好的跳无。
01/28/2026 20:02:59 - INFO - __main__ -   正确句子: 真麻烦你了。希望你们好好的跳舞。
01/28/2026 20:02:59 - INFO - __main__ -   拼音形状: torch.Size([128, 8])
01/28/2026 20:03:00 - INFO - __main__ -   验证样本数: 1100
01/28/2026 20:03:00 - INFO - __main__ -   ***** 开始训练 *****
01/28/2026 20:03:00 - INFO - __main__ -     训练样本数 = 2339
01/28/2026 20:03:00 - INFO - __main__ -     Batch Size = 8
01/28/2026 20:03:00 - INFO - __main__ -     训练步数 = 100
01/28/2026 20:03:00 - INFO - __main__ -   
========== Epoch 1/2 ==========
01/28/2026 20:17:44 - INFO - __main__ -   
========== Epoch 2/2 ==========
01/28/2026 20:23:26 - INFO - __main__ -   
***** 开始验证 *****
01/28/2026 20:25:28 - INFO - __main__ -   
预测示例:
01/28/2026 20:25:28 - INFO - __main__ -   输入: 你好！我是张爱文。
01/28/2026 20:25:28 - INFO - __main__ -   标签: 你好！我是张爱文。
01/28/2026 20:25:28 - INFO - __main__ -   预测: 你好！我是张爱文。

01/28/2026 20:25:28 - INFO - __main__ -   输入: 下个星期，我跟我朋唷打算去法国玩儿。
01/28/2026 20:25:28 - INFO - __main__ -   标签: 下个星期，我跟我朋友打算去法国玩儿。
01/28/2026 20:25:28 - INFO - __main__ -   预测: 下个星期，我跟我朋唷打算去法国玩儿。

01/28/2026 20:25:28 - INFO - __main__ -   输入: 我听说，你找到新工作，我很高兴。
01/28/2026 20:25:28 - INFO - __main__ -   标签: 我听说，你找到新工作，我很高兴。
01/28/2026 20:25:28 - INFO - __main__ -   预测: 我听说，你找到新工作，我很高兴。

01/28/2026 20:25:28 - INFO - __main__ -   检测 - Acc: 0.5045, P: 0.0000, R: 0.0000, F1: 0.0000
01/28/2026 20:25:28 - INFO - __main__ -   纠正 - Acc: 0.5045, P: 0.0000, R: 0.0000, F1: 0.0000
01/28/2026 20:35:02 - INFO - __main__ -   
训练完成！最佳 F1: 0.0000
01/29/2026 16:20:37 - INFO - __main__ -   设备: cuda, GPU数量: 1
01/29/2026 16:20:37 - INFO - __main__ -   加载 Tokenizer...
01/29/2026 16:20:37 - INFO - __main__ -   初始化拼音融合模型...
01/29/2026 16:38:57 - INFO - __main__ -   设备: cuda, GPU数量: 1
01/29/2026 16:38:57 - INFO - __main__ -   加载 Tokenizer...
01/29/2026 16:38:57 - INFO - __main__ -   初始化拼音融合模型...
01/29/2026 16:39:01 - INFO - __main__ -   加载训练数据...
01/29/2026 16:39:01 - INFO - __main__ -   训练样本数: 2339
01/29/2026 16:39:01 - INFO - __main__ -   *** 样本示例 ***
01/29/2026 16:39:01 - INFO - __main__ -   ID: train-0
01/29/2026 16:39:01 - INFO - __main__ -   错误句子: 我知道去年卫生局和资产局宣布规定关于有几类的食料而这个规定就很清楚。
01/29/2026 16:39:01 - INFO - __main__ -   正确句子: 我知道去年卫生局和资产局宣布规定关于有机类的食料而这个规定就很清楚。
01/29/2026 16:39:01 - INFO - __main__ -   拼音形状: torch.Size([128, 8])
01/29/2026 16:39:01 - INFO - __main__ -   *** 样本示例 ***
01/29/2026 16:39:01 - INFO - __main__ -   ID: train-1
01/29/2026 16:39:01 - INFO - __main__ -   错误句子: 如果老师做不好的事情，家长可以马上告诉老师他的措施在哪里，所以会马上改一改哪一方面是错的。
01/29/2026 16:39:01 - INFO - __main__ -   正确句子: 如果老师做不好的事情，家长可以马上告诉老师他的错是在哪里，所以会马上改一改哪一方面是错的。
01/29/2026 16:39:01 - INFO - __main__ -   拼音形状: torch.Size([128, 8])
01/29/2026 16:39:01 - INFO - __main__ -   *** 样本示例 ***
01/29/2026 16:39:01 - INFO - __main__ -   ID: train-2
01/29/2026 16:39:01 - INFO - __main__ -   错误句子: 我干快洗澡，洗了一个澡，把我的包包上身，我跑路去等公车。
01/29/2026 16:39:01 - INFO - __main__ -   正确句子: 我赶快洗澡，洗了一个澡，把我的包包上身，我跑路去等公车。
01/29/2026 16:39:01 - INFO - __main__ -   拼音形状: torch.Size([128, 8])
01/29/2026 16:39:01 - INFO - __main__ -   *** 样本示例 ***
01/29/2026 16:39:01 - INFO - __main__ -   ID: train-3
01/29/2026 16:39:01 - INFO - __main__ -   错误句子: 不要恐怕哪天我们家旁的环境，便到惨不忍赌的地步，被迫我们非搬家不可的。
01/29/2026 16:39:01 - INFO - __main__ -   正确句子: 不要恐怕哪天我们家旁的环境，变到惨不忍睹的地步，被迫我们非搬家不可的。
01/29/2026 16:39:01 - INFO - __main__ -   拼音形状: torch.Size([128, 8])
01/29/2026 16:39:01 - INFO - __main__ -   *** 样本示例 ***
01/29/2026 16:39:01 - INFO - __main__ -   ID: train-4
01/29/2026 16:39:01 - INFO - __main__ -   错误句子: 往前就一台车开过来，把林小安歹去车帐。
01/29/2026 16:39:01 - INFO - __main__ -   正确句子: 往前就一台车开过来，把林小安带去车站。
01/29/2026 16:39:01 - INFO - __main__ -   拼音形状: torch.Size([128, 8])
01/29/2026 16:39:04 - INFO - __main__ -   总训练步数: 3000
01/29/2026 16:39:04 - INFO - __main__ -   训练轮数: 82
01/29/2026 16:39:04 - INFO - __main__ -   加载验证数据...
01/29/2026 16:39:04 - INFO - __main__ -   *** 样本示例 ***
01/29/2026 16:39:04 - INFO - __main__ -   ID: dev-0
01/29/2026 16:39:04 - INFO - __main__ -   错误句子: 你好！我是张爱文。
01/29/2026 16:39:04 - INFO - __main__ -   正确句子: 你好！我是张爱文。
01/29/2026 16:39:04 - INFO - __main__ -   拼音形状: torch.Size([128, 8])
01/29/2026 16:39:04 - INFO - __main__ -   *** 样本示例 ***
01/29/2026 16:39:04 - INFO - __main__ -   ID: dev-1
01/29/2026 16:39:04 - INFO - __main__ -   错误句子: 下个星期，我跟我朋唷打算去法国玩儿。
01/29/2026 16:39:04 - INFO - __main__ -   正确句子: 下个星期，我跟我朋友打算去法国玩儿。
01/29/2026 16:39:04 - INFO - __main__ -   拼音形状: torch.Size([128, 8])
01/29/2026 16:39:04 - INFO - __main__ -   *** 样本示例 ***
01/29/2026 16:39:04 - INFO - __main__ -   ID: dev-2
01/29/2026 16:39:04 - INFO - __main__ -   错误句子: 我听说，你找到新工作，我很高兴。
01/29/2026 16:39:04 - INFO - __main__ -   正确句子: 我听说，你找到新工作，我很高兴。
01/29/2026 16:39:04 - INFO - __main__ -   拼音形状: torch.Size([128, 8])
01/29/2026 16:39:04 - INFO - __main__ -   *** 样本示例 ***
01/29/2026 16:39:04 - INFO - __main__ -   ID: dev-3
01/29/2026 16:39:04 - INFO - __main__ -   错误句子: 对不气，最近我很忙，所以我不会去妳的。
01/29/2026 16:39:04 - INFO - __main__ -   正确句子: 对不起，最近我很忙，所以我不会去妳的。
01/29/2026 16:39:04 - INFO - __main__ -   拼音形状: torch.Size([128, 8])
01/29/2026 16:39:04 - INFO - __main__ -   *** 样本示例 ***
01/29/2026 16:39:04 - INFO - __main__ -   ID: dev-4
01/29/2026 16:39:04 - INFO - __main__ -   错误句子: 真麻烦你了。希望你们好好的跳无。
01/29/2026 16:39:04 - INFO - __main__ -   正确句子: 真麻烦你了。希望你们好好的跳舞。
01/29/2026 16:39:04 - INFO - __main__ -   拼音形状: torch.Size([128, 8])
01/29/2026 16:39:05 - INFO - __main__ -   验证样本数: 1100
01/29/2026 16:39:05 - INFO - __main__ -   ***** 开始训练 *****
01/29/2026 16:39:05 - INFO - __main__ -     训练样本数 = 2339
01/29/2026 16:39:05 - INFO - __main__ -     Batch Size = 32
01/29/2026 16:39:05 - INFO - __main__ -     训练步数 = 3000
01/29/2026 16:39:05 - INFO - __main__ -   
========== Epoch 1/82 ==========
01/29/2026 16:47:30 - INFO - __main__ -   
========== Epoch 2/82 ==========
01/29/2026 16:55:52 - INFO - __main__ -   
========== Epoch 3/82 ==========
01/29/2026 17:04:22 - INFO - __main__ -   
========== Epoch 4/82 ==========
01/29/2026 17:12:57 - INFO - __main__ -   
========== Epoch 5/82 ==========
01/29/2026 17:21:14 - INFO - __main__ -   
========== Epoch 6/82 ==========
01/29/2026 17:29:31 - INFO - __main__ -   
========== Epoch 7/82 ==========
01/29/2026 17:49:51 - INFO - __main__ -   
========== Epoch 8/82 ==========
01/29/2026 17:58:11 - INFO - __main__ -   
========== Epoch 9/82 ==========
01/29/2026 18:06:29 - INFO - __main__ -   
========== Epoch 10/82 ==========
01/29/2026 18:14:46 - INFO - __main__ -   
========== Epoch 11/82 ==========
01/29/2026 18:23:01 - INFO - __main__ -   
========== Epoch 12/82 ==========
01/29/2026 18:31:15 - INFO - __main__ -   
========== Epoch 13/82 ==========
01/29/2026 18:39:46 - INFO - __main__ -   
========== Epoch 14/82 ==========
01/29/2026 18:44:07 - INFO - __main__ -   
***** 开始验证 *****
01/29/2026 18:44:46 - INFO - __main__ -   
预测示例:
01/29/2026 18:44:46 - INFO - __main__ -   输入: 你好！我是张爱文。
01/29/2026 18:44:46 - INFO - __main__ -   标签: 你好！我是张爱文。
01/29/2026 18:44:46 - INFO - __main__ -   预测: 你好！我是张爱文。

01/29/2026 18:44:46 - INFO - __main__ -   输入: 下个星期，我跟我朋唷打算去法国玩儿。
01/29/2026 18:44:46 - INFO - __main__ -   标签: 下个星期，我跟我朋友打算去法国玩儿。
01/29/2026 18:44:46 - INFO - __main__ -   预测: 下个星期，我跟我朋友打算去法国玩儿。

01/29/2026 18:44:46 - INFO - __main__ -   输入: 我听说，你找到新工作，我很高兴。
01/29/2026 18:44:46 - INFO - __main__ -   标签: 我听说，你找到新工作，我很高兴。
01/29/2026 18:44:46 - INFO - __main__ -   预测: 我听说，你找到新工作，我很高兴。

01/29/2026 18:44:46 - INFO - __main__ -   检测 - Acc: 0.6255, P: 0.7778, R: 0.3358, F1: 0.4691
01/29/2026 18:44:46 - INFO - __main__ -   纠正 - Acc: 0.5936, P: 0.7387, R: 0.2712, F1: 0.3968
01/29/2026 18:44:47 - INFO - __main__ -   \u2705 保存最佳模型: F1=0.3968
01/29/2026 18:48:46 - INFO - __main__ -   
========== Epoch 15/82 ==========
01/29/2026 18:57:04 - INFO - __main__ -   
========== Epoch 16/82 ==========
01/29/2026 19:05:21 - INFO - __main__ -   
========== Epoch 17/82 ==========
01/29/2026 19:13:33 - INFO - __main__ -   
========== Epoch 18/82 ==========
01/29/2026 19:21:48 - INFO - __main__ -   
========== Epoch 19/82 ==========
01/29/2026 19:30:02 - INFO - __main__ -   
========== Epoch 20/82 ==========
01/29/2026 19:38:18 - INFO - __main__ -   
========== Epoch 21/82 ==========
01/29/2026 19:46:29 - INFO - __main__ -   
========== Epoch 22/82 ==========
01/29/2026 19:54:41 - INFO - __main__ -   
========== Epoch 23/82 ==========
01/29/2026 20:31:39 - INFO - __main__ -   
========== Epoch 24/82 ==========
01/29/2026 20:39:57 - INFO - __main__ -   
========== Epoch 25/82 ==========
01/29/2026 20:48:15 - INFO - __main__ -   
========== Epoch 26/82 ==========
01/29/2026 20:56:33 - INFO - __main__ -   
========== Epoch 27/82 ==========
01/29/2026 21:04:53 - INFO - __main__ -   
========== Epoch 28/82 ==========
01/29/2026 21:05:07 - INFO - __main__ -   
***** 开始验证 *****
01/29/2026 21:05:44 - INFO - __main__ -   
预测示例:
01/29/2026 21:05:44 - INFO - __main__ -   输入: 你好！我是张爱文。
01/29/2026 21:05:44 - INFO - __main__ -   标签: 你好！我是张爱文。
01/29/2026 21:05:44 - INFO - __main__ -   预测: 你好！我是张爱文。

01/29/2026 21:05:44 - INFO - __main__ -   输入: 下个星期，我跟我朋唷打算去法国玩儿。
01/29/2026 21:05:44 - INFO - __main__ -   标签: 下个星期，我跟我朋友打算去法国玩儿。
01/29/2026 21:05:44 - INFO - __main__ -   预测: 下个星期，我跟我朋友打算去法国玩儿。

01/29/2026 21:05:44 - INFO - __main__ -   输入: 我听说，你找到新工作，我很高兴。
01/29/2026 21:05:44 - INFO - __main__ -   标签: 我听说，你找到新工作，我很高兴。
01/29/2026 21:05:44 - INFO - __main__ -   预测: 我听说，你找到新工作，我很高兴。

01/29/2026 21:05:44 - INFO - __main__ -   检测 - Acc: 0.6518, P: 0.7713, R: 0.4170, F1: 0.5413
01/29/2026 21:05:44 - INFO - __main__ -   纠正 - Acc: 0.6182, P: 0.7383, R: 0.3487, F1: 0.4737
01/29/2026 21:05:45 - INFO - __main__ -   \u2705 保存最佳模型: F1=0.4737
01/29/2026 21:13:52 - INFO - __main__ -   
========== Epoch 29/82 ==========
01/29/2026 21:22:10 - INFO - __main__ -   
========== Epoch 30/82 ==========
01/29/2026 21:30:25 - INFO - __main__ -   
========== Epoch 31/82 ==========
01/29/2026 21:52:03 - INFO - __main__ -   
========== Epoch 32/82 ==========
01/29/2026 22:00:19 - INFO - __main__ -   
========== Epoch 33/82 ==========
01/29/2026 22:08:39 - INFO - __main__ -   
========== Epoch 34/82 ==========
01/29/2026 22:16:52 - INFO - __main__ -   
========== Epoch 35/82 ==========
01/29/2026 22:25:06 - INFO - __main__ -   
========== Epoch 36/82 ==========
01/29/2026 22:33:26 - INFO - __main__ -   
========== Epoch 37/82 ==========
01/29/2026 22:41:38 - INFO - __main__ -   
========== Epoch 38/82 ==========
01/29/2026 22:49:52 - INFO - __main__ -   
========== Epoch 39/82 ==========
01/29/2026 22:58:07 - INFO - __main__ -   
========== Epoch 40/82 ==========
01/29/2026 23:06:23 - INFO - __main__ -   
========== Epoch 41/82 ==========
01/29/2026 23:10:52 - INFO - __main__ -   
***** 开始验证 *****
01/29/2026 23:11:29 - INFO - __main__ -   
预测示例:
01/29/2026 23:11:29 - INFO - __main__ -   输入: 你好！我是张爱文。
01/29/2026 23:11:29 - INFO - __main__ -   标签: 你好！我是张爱文。
01/29/2026 23:11:29 - INFO - __main__ -   预测: 你好！我是张爱文。

01/29/2026 23:11:29 - INFO - __main__ -   输入: 下个星期，我跟我朋唷打算去法国玩儿。
01/29/2026 23:11:29 - INFO - __main__ -   标签: 下个星期，我跟我朋友打算去法国玩儿。
01/29/2026 23:11:29 - INFO - __main__ -   预测: 下个星期，我跟我朋友打算去法国玩儿。

01/29/2026 23:11:29 - INFO - __main__ -   输入: 我听说，你找到新工作，我很高兴。
01/29/2026 23:11:29 - INFO - __main__ -   标签: 我听说，你找到新工作，我很高兴。
01/29/2026 23:11:29 - INFO - __main__ -   预测: 我听说，你找到新工作，我很高兴。

01/29/2026 23:11:29 - INFO - __main__ -   检测 - Acc: 0.6582, P: 0.7712, R: 0.4354, F1: 0.5566
01/29/2026 23:11:29 - INFO - __main__ -   纠正 - Acc: 0.6209, P: 0.7358, R: 0.3598, F1: 0.4833
01/29/2026 23:11:30 - INFO - __main__ -   \u2705 保存最佳模型: F1=0.4833
01/29/2026 23:15:13 - INFO - __main__ -   
========== Epoch 42/82 ==========
01/29/2026 23:23:31 - INFO - __main__ -   
========== Epoch 43/82 ==========
01/29/2026 23:31:44 - INFO - __main__ -   
========== Epoch 44/82 ==========
01/29/2026 23:39:57 - INFO - __main__ -   
========== Epoch 45/82 ==========
01/29/2026 23:48:09 - INFO - __main__ -   
========== Epoch 46/82 ==========
01/29/2026 23:56:24 - INFO - __main__ -   
========== Epoch 47/82 ==========
01/30/2026 00:04:34 - INFO - __main__ -   
========== Epoch 48/82 ==========
01/30/2026 00:12:48 - INFO - __main__ -   
========== Epoch 49/82 ==========
01/30/2026 00:21:01 - INFO - __main__ -   
========== Epoch 50/82 ==========
01/30/2026 00:29:11 - INFO - __main__ -   
========== Epoch 51/82 ==========
01/30/2026 00:37:26 - INFO - __main__ -   
========== Epoch 52/82 ==========
01/30/2026 00:45:39 - INFO - __main__ -   
========== Epoch 53/82 ==========
01/30/2026 00:53:50 - INFO - __main__ -   
========== Epoch 54/82 ==========
01/30/2026 01:02:02 - INFO - __main__ -   
========== Epoch 55/82 ==========
01/30/2026 01:02:28 - INFO - __main__ -   
***** 开始验证 *****
01/30/2026 01:03:05 - INFO - __main__ -   
预测示例:
01/30/2026 01:03:05 - INFO - __main__ -   输入: 你好！我是张爱文。
01/30/2026 01:03:05 - INFO - __main__ -   标签: 你好！我是张爱文。
01/30/2026 01:03:05 - INFO - __main__ -   预测: 你好！我是张爱文。

01/30/2026 01:03:05 - INFO - __main__ -   输入: 下个星期，我跟我朋唷打算去法国玩儿。
01/30/2026 01:03:05 - INFO - __main__ -   标签: 下个星期，我跟我朋友打算去法国玩儿。
01/30/2026 01:03:05 - INFO - __main__ -   预测: 下个星期，我跟我朋友打算去法国玩儿。

01/30/2026 01:03:05 - INFO - __main__ -   输入: 我听说，你找到新工作，我很高兴。
01/30/2026 01:03:05 - INFO - __main__ -   标签: 我听说，你找到新工作，我很高兴。
01/30/2026 01:03:05 - INFO - __main__ -   预测: 我听说，你找到新工作，我很高兴。

01/30/2026 01:03:05 - INFO - __main__ -   检测 - Acc: 0.6645, P: 0.7818, R: 0.4428, F1: 0.5654
01/30/2026 01:03:05 - INFO - __main__ -   纠正 - Acc: 0.6236, P: 0.7443, R: 0.3598, F1: 0.4851
01/30/2026 01:03:06 - INFO - __main__ -   \u2705 保存最佳模型: F1=0.4851
01/30/2026 01:10:51 - INFO - __main__ -   
========== Epoch 56/82 ==========
01/30/2026 01:19:06 - INFO - __main__ -   
========== Epoch 57/82 ==========
01/30/2026 01:27:19 - INFO - __main__ -   
========== Epoch 58/82 ==========
01/30/2026 01:35:30 - INFO - __main__ -   
========== Epoch 59/82 ==========
01/30/2026 01:43:50 - INFO - __main__ -   
========== Epoch 60/82 ==========
01/30/2026 01:52:05 - INFO - __main__ -   
========== Epoch 61/82 ==========
01/30/2026 02:00:16 - INFO - __main__ -   
========== Epoch 62/82 ==========
01/30/2026 02:08:28 - INFO - __main__ -   
========== Epoch 63/82 ==========
01/30/2026 02:16:40 - INFO - __main__ -   
========== Epoch 64/82 ==========
01/30/2026 02:24:54 - INFO - __main__ -   
========== Epoch 65/82 ==========
01/30/2026 02:33:07 - INFO - __main__ -   
========== Epoch 66/82 ==========
01/30/2026 02:41:16 - INFO - __main__ -   
========== Epoch 67/82 ==========
01/30/2026 02:49:26 - INFO - __main__ -   
========== Epoch 68/82 ==========
01/30/2026 02:54:08 - INFO - __main__ -   
***** 开始验证 *****
01/30/2026 02:54:44 - INFO - __main__ -   
预测示例:
01/30/2026 02:54:44 - INFO - __main__ -   输入: 你好！我是张爱文。
01/30/2026 02:54:44 - INFO - __main__ -   标签: 你好！我是张爱文。
01/30/2026 02:54:44 - INFO - __main__ -   预测: 你好！我是张爱文。

01/30/2026 02:54:44 - INFO - __main__ -   输入: 下个星期，我跟我朋唷打算去法国玩儿。
01/30/2026 02:54:44 - INFO - __main__ -   标签: 下个星期，我跟我朋友打算去法国玩儿。
01/30/2026 02:54:44 - INFO - __main__ -   预测: 下个星期，我跟我朋友打算去法国玩儿。

01/30/2026 02:54:44 - INFO - __main__ -   输入: 我听说，你找到新工作，我很高兴。
01/30/2026 02:54:44 - INFO - __main__ -   标签: 我听说，你找到新工作，我很高兴。
01/30/2026 02:54:44 - INFO - __main__ -   预测: 我听说，你找到新工作，我很高兴。

01/30/2026 02:54:44 - INFO - __main__ -   检测 - Acc: 0.6618, P: 0.7778, R: 0.4391, F1: 0.5613
01/30/2026 02:54:44 - INFO - __main__ -   纠正 - Acc: 0.6209, P: 0.7395, R: 0.3561, F1: 0.4807
01/30/2026 02:58:16 - INFO - __main__ -   
========== Epoch 69/82 ==========
01/30/2026 03:06:28 - INFO - __main__ -   
========== Epoch 70/82 ==========
01/30/2026 03:14:42 - INFO - __main__ -   
========== Epoch 71/82 ==========
01/30/2026 03:22:51 - INFO - __main__ -   
========== Epoch 72/82 ==========
01/30/2026 03:31:05 - INFO - __main__ -   
========== Epoch 73/82 ==========
01/30/2026 09:57:03 - INFO - __main__ -   
========== Epoch 74/82 ==========
01/30/2026 10:05:15 - INFO - __main__ -   
========== Epoch 75/82 ==========
01/30/2026 10:13:26 - INFO - __main__ -   
========== Epoch 76/82 ==========
01/30/2026 10:21:38 - INFO - __main__ -   
========== Epoch 77/82 ==========
01/30/2026 10:29:52 - INFO - __main__ -   
========== Epoch 78/82 ==========
01/30/2026 10:38:06 - INFO - __main__ -   
========== Epoch 79/82 ==========
01/30/2026 10:46:19 - INFO - __main__ -   
========== Epoch 80/82 ==========
01/30/2026 10:54:31 - INFO - __main__ -   
========== Epoch 81/82 ==========
01/30/2026 11:02:42 - INFO - __main__ -   
========== Epoch 82/82 ==========
01/30/2026 11:03:24 - INFO - __main__ -   
***** 开始验证 *****
01/30/2026 11:03:59 - INFO - __main__ -   
预测示例:
01/30/2026 11:03:59 - INFO - __main__ -   输入: 你好！我是张爱文。
01/30/2026 11:03:59 - INFO - __main__ -   标签: 你好！我是张爱文。
01/30/2026 11:03:59 - INFO - __main__ -   预测: 你好！我是张爱文。

01/30/2026 11:03:59 - INFO - __main__ -   输入: 下个星期，我跟我朋唷打算去法国玩儿。
01/30/2026 11:03:59 - INFO - __main__ -   标签: 下个星期，我跟我朋友打算去法国玩儿。
01/30/2026 11:03:59 - INFO - __main__ -   预测: 下个星期，我跟我朋友打算去法国玩儿。

01/30/2026 11:03:59 - INFO - __main__ -   输入: 我听说，你找到新工作，我很高兴。
01/30/2026 11:03:59 - INFO - __main__ -   标签: 我听说，你找到新工作，我很高兴。
01/30/2026 11:03:59 - INFO - __main__ -   预测: 我听说，你找到新工作，我很高兴。

01/30/2026 11:03:59 - INFO - __main__ -   检测 - Acc: 0.6664, P: 0.7814, R: 0.4483, F1: 0.5698
01/30/2026 11:03:59 - INFO - __main__ -   纠正 - Acc: 0.6236, P: 0.7424, R: 0.3616, F1: 0.4864
01/30/2026 11:04:00 - INFO - __main__ -   \u2705 保存最佳模型: F1=0.4864
01/30/2026 11:11:32 - INFO - __main__ -   
训练完成！最佳 F1: 0.4864
01/30/2026 17:43:05 - INFO - __main__ -   设备: cuda, GPU数量: 1
01/30/2026 17:43:05 - INFO - __main__ -   加载 Tokenizer...
01/30/2026 17:43:05 - INFO - __main__ -   初始化拼音融合模型...
01/30/2026 17:43:09 - INFO - __main__ -   加载训练数据...
01/30/2026 17:43:09 - INFO - __main__ -   训练样本数: 2339
01/30/2026 17:43:09 - INFO - __main__ -   *** 样本示例 ***
01/30/2026 17:43:09 - INFO - __main__ -   ID: train-0
01/30/2026 17:43:09 - INFO - __main__ -   错误句子: 我知道去年卫生局和资产局宣布规定关于有几类的食料而这个规定就很清楚。
01/30/2026 17:43:09 - INFO - __main__ -   正确句子: 我知道去年卫生局和资产局宣布规定关于有机类的食料而这个规定就很清楚。
01/30/2026 17:43:09 - INFO - __main__ -   拼音形状: torch.Size([128, 8])
01/30/2026 17:43:09 - INFO - __main__ -   *** 样本示例 ***
01/30/2026 17:43:09 - INFO - __main__ -   ID: train-1
01/30/2026 17:43:09 - INFO - __main__ -   错误句子: 如果老师做不好的事情，家长可以马上告诉老师他的措施在哪里，所以会马上改一改哪一方面是错的。
01/30/2026 17:43:09 - INFO - __main__ -   正确句子: 如果老师做不好的事情，家长可以马上告诉老师他的错是在哪里，所以会马上改一改哪一方面是错的。
01/30/2026 17:43:09 - INFO - __main__ -   拼音形状: torch.Size([128, 8])
01/30/2026 17:43:09 - INFO - __main__ -   *** 样本示例 ***
01/30/2026 17:43:09 - INFO - __main__ -   ID: train-2
01/30/2026 17:43:09 - INFO - __main__ -   错误句子: 我干快洗澡，洗了一个澡，把我的包包上身，我跑路去等公车。
01/30/2026 17:43:09 - INFO - __main__ -   正确句子: 我赶快洗澡，洗了一个澡，把我的包包上身，我跑路去等公车。
01/30/2026 17:43:09 - INFO - __main__ -   拼音形状: torch.Size([128, 8])
01/30/2026 17:43:09 - INFO - __main__ -   *** 样本示例 ***
01/30/2026 17:43:09 - INFO - __main__ -   ID: train-3
01/30/2026 17:43:09 - INFO - __main__ -   错误句子: 不要恐怕哪天我们家旁的环境，便到惨不忍赌的地步，被迫我们非搬家不可的。
01/30/2026 17:43:09 - INFO - __main__ -   正确句子: 不要恐怕哪天我们家旁的环境，变到惨不忍睹的地步，被迫我们非搬家不可的。
01/30/2026 17:43:09 - INFO - __main__ -   拼音形状: torch.Size([128, 8])
01/30/2026 17:43:09 - INFO - __main__ -   *** 样本示例 ***
01/30/2026 17:43:09 - INFO - __main__ -   ID: train-4
01/30/2026 17:43:09 - INFO - __main__ -   错误句子: 往前就一台车开过来，把林小安歹去车帐。
01/30/2026 17:43:09 - INFO - __main__ -   正确句子: 往前就一台车开过来，把林小安带去车站。
01/30/2026 17:43:09 - INFO - __main__ -   拼音形状: torch.Size([128, 8])
01/30/2026 17:43:12 - INFO - __main__ -   总训练步数: 3000
01/30/2026 17:43:12 - INFO - __main__ -   训练轮数: 82
01/30/2026 17:43:12 - INFO - __main__ -   加载验证数据...
01/30/2026 17:43:12 - INFO - __main__ -   *** 样本示例 ***
01/30/2026 17:43:12 - INFO - __main__ -   ID: dev-0
01/30/2026 17:43:12 - INFO - __main__ -   错误句子: 你好！我是张爱文。
01/30/2026 17:43:12 - INFO - __main__ -   正确句子: 你好！我是张爱文。
01/30/2026 17:43:12 - INFO - __main__ -   拼音形状: torch.Size([128, 8])
01/30/2026 17:43:12 - INFO - __main__ -   *** 样本示例 ***
01/30/2026 17:43:12 - INFO - __main__ -   ID: dev-1
01/30/2026 17:43:12 - INFO - __main__ -   错误句子: 下个星期，我跟我朋唷打算去法国玩儿。
01/30/2026 17:43:12 - INFO - __main__ -   正确句子: 下个星期，我跟我朋友打算去法国玩儿。
01/30/2026 17:43:12 - INFO - __main__ -   拼音形状: torch.Size([128, 8])
01/30/2026 17:43:12 - INFO - __main__ -   *** 样本示例 ***
01/30/2026 17:43:12 - INFO - __main__ -   ID: dev-2
01/30/2026 17:43:12 - INFO - __main__ -   错误句子: 我听说，你找到新工作，我很高兴。
01/30/2026 17:43:12 - INFO - __main__ -   正确句子: 我听说，你找到新工作，我很高兴。
01/30/2026 17:43:12 - INFO - __main__ -   拼音形状: torch.Size([128, 8])
01/30/2026 17:43:12 - INFO - __main__ -   *** 样本示例 ***
01/30/2026 17:43:12 - INFO - __main__ -   ID: dev-3
01/30/2026 17:43:12 - INFO - __main__ -   错误句子: 对不气，最近我很忙，所以我不会去妳的。
01/30/2026 17:43:12 - INFO - __main__ -   正确句子: 对不起，最近我很忙，所以我不会去妳的。
01/30/2026 17:43:12 - INFO - __main__ -   拼音形状: torch.Size([128, 8])
01/30/2026 17:43:12 - INFO - __main__ -   *** 样本示例 ***
01/30/2026 17:43:12 - INFO - __main__ -   ID: dev-4
01/30/2026 17:43:12 - INFO - __main__ -   错误句子: 真麻烦你了。希望你们好好的跳无。
01/30/2026 17:43:12 - INFO - __main__ -   正确句子: 真麻烦你了。希望你们好好的跳舞。
01/30/2026 17:43:12 - INFO - __main__ -   拼音形状: torch.Size([128, 8])
01/30/2026 17:43:13 - INFO - __main__ -   验证样本数: 1100
01/30/2026 17:43:13 - INFO - __main__ -   ***** 开始训练 *****
01/30/2026 17:43:13 - INFO - __main__ -     训练样本数 = 2339
01/30/2026 17:43:13 - INFO - __main__ -     Batch Size = 32
01/30/2026 17:43:13 - INFO - __main__ -     训练步数 = 3000
01/30/2026 17:43:13 - INFO - __main__ -   
========== Epoch 1/82 ==========
01/30/2026 17:51:22 - INFO - __main__ -   
========== Epoch 2/82 ==========
01/30/2026 17:59:37 - INFO - __main__ -   
========== Epoch 3/82 ==========
01/30/2026 18:07:49 - INFO - __main__ -   
========== Epoch 4/82 ==========
01/30/2026 18:16:00 - INFO - __main__ -   
========== Epoch 5/82 ==========
01/30/2026 18:24:22 - INFO - __main__ -   
========== Epoch 6/82 ==========
01/30/2026 18:33:02 - INFO - __main__ -   
========== Epoch 7/82 ==========
01/30/2026 18:41:23 - INFO - __main__ -   
========== Epoch 8/82 ==========
01/30/2026 18:49:36 - INFO - __main__ -   
========== Epoch 9/82 ==========
01/30/2026 18:57:49 - INFO - __main__ -   
========== Epoch 10/82 ==========
01/30/2026 19:06:03 - INFO - __main__ -   
========== Epoch 11/82 ==========
01/30/2026 19:14:17 - INFO - __main__ -   
========== Epoch 12/82 ==========
01/30/2026 19:22:28 - INFO - __main__ -   
========== Epoch 13/82 ==========
01/30/2026 19:30:41 - INFO - __main__ -   
========== Epoch 14/82 ==========
01/30/2026 19:34:59 - INFO - __main__ -   
***** 开始验证 *****
01/30/2026 19:35:35 - INFO - __main__ -   
预测示例:
01/30/2026 19:35:35 - INFO - __main__ -   输入: 你好！我是张爱文。
01/30/2026 19:35:35 - INFO - __main__ -   标签: 你好！我是张爱文。
01/30/2026 19:35:35 - INFO - __main__ -   预测: 你好！我是张爱文。

01/30/2026 19:35:35 - INFO - __main__ -   输入: 下个星期，我跟我朋唷打算去法国玩儿。
01/30/2026 19:35:35 - INFO - __main__ -   标签: 下个星期，我跟我朋友打算去法国玩儿。
01/30/2026 19:35:35 - INFO - __main__ -   预测: 下个星期，我跟我朋友打算去法国玩儿。

01/30/2026 19:35:35 - INFO - __main__ -   输入: 我听说，你找到新工作，我很高兴。
01/30/2026 19:35:35 - INFO - __main__ -   标签: 我听说，你找到新工作，我很高兴。
01/30/2026 19:35:35 - INFO - __main__ -   预测: 我听说，你找到新工作，我很高兴。

01/30/2026 19:35:35 - INFO - __main__ -   检测 - Acc: 0.6255, P: 0.7778, R: 0.3358, F1: 0.4691
01/30/2026 19:35:35 - INFO - __main__ -   纠正 - Acc: 0.5936, P: 0.7387, R: 0.2712, F1: 0.3968
01/30/2026 19:35:36 - INFO - __main__ -   \u2705 保存最佳模型: F1=0.3968
01/30/2026 19:39:32 - INFO - __main__ -   
========== Epoch 15/82 ==========
01/30/2026 19:47:47 - INFO - __main__ -   
========== Epoch 16/82 ==========
01/30/2026 19:56:00 - INFO - __main__ -   
========== Epoch 17/82 ==========
01/30/2026 20:04:14 - INFO - __main__ -   
========== Epoch 18/82 ==========
01/30/2026 20:12:32 - INFO - __main__ -   
========== Epoch 19/82 ==========
01/30/2026 20:20:49 - INFO - __main__ -   
========== Epoch 20/82 ==========
01/30/2026 20:29:00 - INFO - __main__ -   
========== Epoch 21/82 ==========
01/30/2026 20:37:13 - INFO - __main__ -   
========== Epoch 22/82 ==========
01/30/2026 20:45:27 - INFO - __main__ -   
========== Epoch 23/82 ==========
01/30/2026 20:53:39 - INFO - __main__ -   
========== Epoch 24/82 ==========
01/30/2026 21:01:48 - INFO - __main__ -   
========== Epoch 25/82 ==========
01/30/2026 21:10:04 - INFO - __main__ -   
========== Epoch 26/82 ==========
01/30/2026 21:18:15 - INFO - __main__ -   
========== Epoch 27/82 ==========
01/30/2026 21:26:28 - INFO - __main__ -   
========== Epoch 28/82 ==========
01/30/2026 21:26:41 - INFO - __main__ -   
***** 开始验证 *****
01/30/2026 21:27:19 - INFO - __main__ -   
预测示例:
01/30/2026 21:27:19 - INFO - __main__ -   输入: 你好！我是张爱文。
01/30/2026 21:27:19 - INFO - __main__ -   标签: 你好！我是张爱文。
01/30/2026 21:27:19 - INFO - __main__ -   预测: 你好！我是张爱文。

01/30/2026 21:27:19 - INFO - __main__ -   输入: 下个星期，我跟我朋唷打算去法国玩儿。
01/30/2026 21:27:19 - INFO - __main__ -   标签: 下个星期，我跟我朋友打算去法国玩儿。
01/30/2026 21:27:19 - INFO - __main__ -   预测: 下个星期，我跟我朋友打算去法国玩儿。

01/30/2026 21:27:19 - INFO - __main__ -   输入: 我听说，你找到新工作，我很高兴。
01/30/2026 21:27:19 - INFO - __main__ -   标签: 我听说，你找到新工作，我很高兴。
01/30/2026 21:27:19 - INFO - __main__ -   预测: 我听说，你找到新工作，我很高兴。

01/30/2026 21:27:19 - INFO - __main__ -   检测 - Acc: 0.6518, P: 0.7713, R: 0.4170, F1: 0.5413
01/30/2026 21:27:19 - INFO - __main__ -   纠正 - Acc: 0.6182, P: 0.7383, R: 0.3487, F1: 0.4737
01/30/2026 21:27:19 - INFO - __main__ -   \u2705 保存最佳模型: F1=0.4737
01/30/2026 21:35:19 - INFO - __main__ -   
========== Epoch 29/82 ==========
01/30/2026 21:43:32 - INFO - __main__ -   
========== Epoch 30/82 ==========
01/30/2026 21:51:46 - INFO - __main__ -   
========== Epoch 31/82 ==========
01/30/2026 21:59:57 - INFO - __main__ -   
========== Epoch 32/82 ==========
01/30/2026 22:08:11 - INFO - __main__ -   
========== Epoch 33/82 ==========
01/30/2026 22:16:23 - INFO - __main__ -   
========== Epoch 34/82 ==========
01/30/2026 22:24:35 - INFO - __main__ -   
========== Epoch 35/82 ==========
01/30/2026 22:32:47 - INFO - __main__ -   
========== Epoch 36/82 ==========
01/30/2026 22:40:58 - INFO - __main__ -   
========== Epoch 37/82 ==========
01/30/2026 22:49:13 - INFO - __main__ -   
========== Epoch 38/82 ==========
01/30/2026 22:57:25 - INFO - __main__ -   
========== Epoch 39/82 ==========
01/30/2026 23:05:36 - INFO - __main__ -   
========== Epoch 40/82 ==========
01/30/2026 23:13:53 - INFO - __main__ -   
========== Epoch 41/82 ==========
01/30/2026 23:18:24 - INFO - __main__ -   
***** 开始验证 *****
01/30/2026 23:19:02 - INFO - __main__ -   
预测示例:
01/30/2026 23:19:02 - INFO - __main__ -   输入: 你好！我是张爱文。
01/30/2026 23:19:02 - INFO - __main__ -   标签: 你好！我是张爱文。
01/30/2026 23:19:02 - INFO - __main__ -   预测: 你好！我是张爱文。

01/30/2026 23:19:02 - INFO - __main__ -   输入: 下个星期，我跟我朋唷打算去法国玩儿。
01/30/2026 23:19:02 - INFO - __main__ -   标签: 下个星期，我跟我朋友打算去法国玩儿。
01/30/2026 23:19:02 - INFO - __main__ -   预测: 下个星期，我跟我朋友打算去法国玩儿。

01/30/2026 23:19:02 - INFO - __main__ -   输入: 我听说，你找到新工作，我很高兴。
01/30/2026 23:19:02 - INFO - __main__ -   标签: 我听说，你找到新工作，我很高兴。
01/30/2026 23:19:02 - INFO - __main__ -   预测: 我听说，你找到新工作，我很高兴。

01/30/2026 23:19:02 - INFO - __main__ -   检测 - Acc: 0.6582, P: 0.7712, R: 0.4354, F1: 0.5566
01/30/2026 23:19:02 - INFO - __main__ -   纠正 - Acc: 0.6209, P: 0.7358, R: 0.3598, F1: 0.4833
01/30/2026 23:19:02 - INFO - __main__ -   \u2705 保存最佳模型: F1=0.4833
01/30/2026 23:22:45 - INFO - __main__ -   
========== Epoch 42/82 ==========
01/30/2026 23:30:58 - INFO - __main__ -   
========== Epoch 43/82 ==========
01/30/2026 23:39:11 - INFO - __main__ -   
========== Epoch 44/82 ==========
01/30/2026 23:47:26 - INFO - __main__ -   
========== Epoch 45/82 ==========
01/30/2026 23:55:41 - INFO - __main__ -   
========== Epoch 46/82 ==========
01/31/2026 00:03:55 - INFO - __main__ -   
========== Epoch 47/82 ==========
01/31/2026 00:12:08 - INFO - __main__ -   
========== Epoch 48/82 ==========
01/31/2026 00:20:23 - INFO - __main__ -   
========== Epoch 49/82 ==========
01/31/2026 00:28:34 - INFO - __main__ -   
========== Epoch 50/82 ==========
01/31/2026 00:36:45 - INFO - __main__ -   
========== Epoch 51/82 ==========
01/31/2026 00:44:58 - INFO - __main__ -   
========== Epoch 52/82 ==========
01/31/2026 00:53:11 - INFO - __main__ -   
========== Epoch 53/82 ==========
01/31/2026 01:01:22 - INFO - __main__ -   
========== Epoch 54/82 ==========
01/31/2026 01:09:34 - INFO - __main__ -   
========== Epoch 55/82 ==========
01/31/2026 01:10:00 - INFO - __main__ -   
***** 开始验证 *****
01/31/2026 01:10:37 - INFO - __main__ -   
预测示例:
01/31/2026 01:10:37 - INFO - __main__ -   输入: 你好！我是张爱文。
01/31/2026 01:10:37 - INFO - __main__ -   标签: 你好！我是张爱文。
01/31/2026 01:10:37 - INFO - __main__ -   预测: 你好！我是张爱文。

01/31/2026 01:10:37 - INFO - __main__ -   输入: 下个星期，我跟我朋唷打算去法国玩儿。
01/31/2026 01:10:37 - INFO - __main__ -   标签: 下个星期，我跟我朋友打算去法国玩儿。
01/31/2026 01:10:37 - INFO - __main__ -   预测: 下个星期，我跟我朋友打算去法国玩儿。

01/31/2026 01:10:37 - INFO - __main__ -   输入: 我听说，你找到新工作，我很高兴。
01/31/2026 01:10:37 - INFO - __main__ -   标签: 我听说，你找到新工作，我很高兴。
01/31/2026 01:10:37 - INFO - __main__ -   预测: 我听说，你找到新工作，我很高兴。

01/31/2026 01:10:37 - INFO - __main__ -   检测 - Acc: 0.6645, P: 0.7818, R: 0.4428, F1: 0.5654
01/31/2026 01:10:37 - INFO - __main__ -   纠正 - Acc: 0.6236, P: 0.7443, R: 0.3598, F1: 0.4851
01/31/2026 01:10:38 - INFO - __main__ -   \u2705 保存最佳模型: F1=0.4851
01/31/2026 01:18:24 - INFO - __main__ -   
========== Epoch 56/82 ==========
01/31/2026 01:26:38 - INFO - __main__ -   
========== Epoch 57/82 ==========
01/31/2026 01:34:50 - INFO - __main__ -   
========== Epoch 58/82 ==========
01/31/2026 01:43:06 - INFO - __main__ -   
========== Epoch 59/82 ==========
01/31/2026 01:51:18 - INFO - __main__ -   
========== Epoch 60/82 ==========
01/31/2026 01:59:32 - INFO - __main__ -   
========== Epoch 61/82 ==========
01/31/2026 02:07:42 - INFO - __main__ -   
========== Epoch 62/82 ==========
01/31/2026 02:15:57 - INFO - __main__ -   
========== Epoch 63/82 ==========
01/31/2026 02:24:10 - INFO - __main__ -   
========== Epoch 64/82 ==========
01/31/2026 02:32:27 - INFO - __main__ -   
========== Epoch 65/82 ==========
01/31/2026 02:40:40 - INFO - __main__ -   
========== Epoch 66/82 ==========
01/31/2026 02:48:53 - INFO - __main__ -   
========== Epoch 67/82 ==========
01/31/2026 02:57:06 - INFO - __main__ -   
========== Epoch 68/82 ==========
01/31/2026 03:01:49 - INFO - __main__ -   
***** 开始验证 *****
01/31/2026 03:02:24 - INFO - __main__ -   
预测示例:
01/31/2026 03:02:24 - INFO - __main__ -   输入: 你好！我是张爱文。
01/31/2026 03:02:24 - INFO - __main__ -   标签: 你好！我是张爱文。
01/31/2026 03:02:24 - INFO - __main__ -   预测: 你好！我是张爱文。

01/31/2026 03:02:24 - INFO - __main__ -   输入: 下个星期，我跟我朋唷打算去法国玩儿。
01/31/2026 03:02:24 - INFO - __main__ -   标签: 下个星期，我跟我朋友打算去法国玩儿。
01/31/2026 03:02:24 - INFO - __main__ -   预测: 下个星期，我跟我朋友打算去法国玩儿。

01/31/2026 03:02:24 - INFO - __main__ -   输入: 我听说，你找到新工作，我很高兴。
01/31/2026 03:02:24 - INFO - __main__ -   标签: 我听说，你找到新工作，我很高兴。
01/31/2026 03:02:24 - INFO - __main__ -   预测: 我听说，你找到新工作，我很高兴。

01/31/2026 03:02:24 - INFO - __main__ -   检测 - Acc: 0.6618, P: 0.7778, R: 0.4391, F1: 0.5613
01/31/2026 03:02:24 - INFO - __main__ -   纠正 - Acc: 0.6209, P: 0.7395, R: 0.3561, F1: 0.4807
01/31/2026 03:05:53 - INFO - __main__ -   
========== Epoch 69/82 ==========
01/31/2026 03:14:06 - INFO - __main__ -   
========== Epoch 70/82 ==========
01/31/2026 03:22:17 - INFO - __main__ -   
========== Epoch 71/82 ==========
01/31/2026 03:30:30 - INFO - __main__ -   
========== Epoch 72/82 ==========
01/31/2026 03:38:45 - INFO - __main__ -   
========== Epoch 73/82 ==========
01/31/2026 03:47:00 - INFO - __main__ -   
========== Epoch 74/82 ==========
01/31/2026 03:55:12 - INFO - __main__ -   
========== Epoch 75/82 ==========
01/31/2026 04:03:24 - INFO - __main__ -   
========== Epoch 76/82 ==========
01/31/2026 04:11:37 - INFO - __main__ -   
========== Epoch 77/82 ==========
01/31/2026 04:19:50 - INFO - __main__ -   
========== Epoch 78/82 ==========
01/31/2026 04:28:01 - INFO - __main__ -   
========== Epoch 79/82 ==========
01/31/2026 04:36:19 - INFO - __main__ -   
========== Epoch 80/82 ==========
01/31/2026 04:44:30 - INFO - __main__ -   
========== Epoch 81/82 ==========
01/31/2026 04:52:45 - INFO - __main__ -   
========== Epoch 82/82 ==========
01/31/2026 04:53:25 - INFO - __main__ -   
***** 开始验证 *****
01/31/2026 04:54:00 - INFO - __main__ -   
预测示例:
01/31/2026 04:54:00 - INFO - __main__ -   输入: 你好！我是张爱文。
01/31/2026 04:54:00 - INFO - __main__ -   标签: 你好！我是张爱文。
01/31/2026 04:54:00 - INFO - __main__ -   预测: 你好！我是张爱文。

01/31/2026 04:54:00 - INFO - __main__ -   输入: 下个星期，我跟我朋唷打算去法国玩儿。
01/31/2026 04:54:00 - INFO - __main__ -   标签: 下个星期，我跟我朋友打算去法国玩儿。
01/31/2026 04:54:00 - INFO - __main__ -   预测: 下个星期，我跟我朋友打算去法国玩儿。

01/31/2026 04:54:00 - INFO - __main__ -   输入: 我听说，你找到新工作，我很高兴。
01/31/2026 04:54:00 - INFO - __main__ -   标签: 我听说，你找到新工作，我很高兴。
01/31/2026 04:54:00 - INFO - __main__ -   预测: 我听说，你找到新工作，我很高兴。

01/31/2026 04:54:00 - INFO - __main__ -   检测 - Acc: 0.6664, P: 0.7814, R: 0.4483, F1: 0.5698
01/31/2026 04:54:00 - INFO - __main__ -   纠正 - Acc: 0.6236, P: 0.7424, R: 0.3616, F1: 0.4864
01/31/2026 04:54:01 - INFO - __main__ -   \u2705 保存最佳模型: F1=0.4864
01/31/2026 05:01:32 - INFO - __main__ -   
训练完成！最佳 F1: 0.4864
