02/15/2026 18:47:51 - INFO - macbert4csc_pinyin_screen_pinyin_seed42_20260215_184751 - run_dir=D:\Code_Projects\Personal_Projects\csc_project-1\macro_correct\output\text_correction\stage1_screen\screen_pinyin_seed42_20260215_184751
02/15/2026 18:47:51 - INFO - macbert4csc_pinyin_screen_pinyin_seed42_20260215_184751 - dataset_profile=sighan2015, use_pinyin=True, seed=42
02/15/2026 18:47:51 - INFO - macbert4csc_pinyin_screen_pinyin_seed42_20260215_184751 - device=cuda, n_gpu=1
02/15/2026 18:47:55 - INFO - macbert4csc_pinyin_screen_pinyin_seed42_20260215_184751 - train_examples=2339, dev_examples=1100
02/15/2026 18:47:55 - INFO - macbert4csc_pinyin_screen_pinyin_seed42_20260215_184751 - [sample] id=train-0
02/15/2026 18:47:55 - INFO - macbert4csc_pinyin_screen_pinyin_seed42_20260215_184751 - [sample] src=我知道去年卫生局和资产局宣布规定关于有几类的食料而这个规定就很清楚。
02/15/2026 18:47:55 - INFO - macbert4csc_pinyin_screen_pinyin_seed42_20260215_184751 - [sample] trg=我知道去年卫生局和资产局宣布规定关于有机类的食料而这个规定就很清楚。
02/15/2026 18:47:55 - INFO - macbert4csc_pinyin_screen_pinyin_seed42_20260215_184751 - [sample] id=train-1
02/15/2026 18:47:55 - INFO - macbert4csc_pinyin_screen_pinyin_seed42_20260215_184751 - [sample] src=如果老师做不好的事情，家长可以马上告诉老师他的措施在哪里，所以会马上改一改哪一方面是错的。
02/15/2026 18:47:55 - INFO - macbert4csc_pinyin_screen_pinyin_seed42_20260215_184751 - [sample] trg=如果老师做不好的事情，家长可以马上告诉老师他的错是在哪里，所以会马上改一改哪一方面是错的。
02/15/2026 18:47:55 - INFO - macbert4csc_pinyin_screen_pinyin_seed42_20260215_184751 - [sample] id=train-2
02/15/2026 18:47:55 - INFO - macbert4csc_pinyin_screen_pinyin_seed42_20260215_184751 - [sample] src=我干快洗澡，洗了一个澡，把我的包包上身，我跑路去等公车。
02/15/2026 18:47:55 - INFO - macbert4csc_pinyin_screen_pinyin_seed42_20260215_184751 - [sample] trg=我赶快洗澡，洗了一个澡，把我的包包上身，我跑路去等公车。
02/15/2026 18:47:57 - INFO - macbert4csc_pinyin_screen_pinyin_seed42_20260215_184751 - [sample] id=dev-0
02/15/2026 18:47:57 - INFO - macbert4csc_pinyin_screen_pinyin_seed42_20260215_184751 - [sample] src=你好！我是张爱文。
02/15/2026 18:47:57 - INFO - macbert4csc_pinyin_screen_pinyin_seed42_20260215_184751 - [sample] trg=你好！我是张爱文。
02/15/2026 18:47:57 - INFO - macbert4csc_pinyin_screen_pinyin_seed42_20260215_184751 - [sample] id=dev-1
02/15/2026 18:47:57 - INFO - macbert4csc_pinyin_screen_pinyin_seed42_20260215_184751 - [sample] src=下个星期，我跟我朋唷打算去法国玩儿。
02/15/2026 18:47:57 - INFO - macbert4csc_pinyin_screen_pinyin_seed42_20260215_184751 - [sample] trg=下个星期，我跟我朋友打算去法国玩儿。
02/15/2026 18:47:57 - INFO - macbert4csc_pinyin_screen_pinyin_seed42_20260215_184751 - [sample] id=dev-2
02/15/2026 18:47:57 - INFO - macbert4csc_pinyin_screen_pinyin_seed42_20260215_184751 - [sample] src=我听说，你找到新工作，我很高兴。
02/15/2026 18:47:57 - INFO - macbert4csc_pinyin_screen_pinyin_seed42_20260215_184751 - [sample] trg=我听说，你找到新工作，我很高兴。
02/15/2026 18:47:58 - INFO - macbert4csc_pinyin_screen_pinyin_seed42_20260215_184751 - ***** start training *****
02/15/2026 18:47:58 - INFO - macbert4csc_pinyin_screen_pinyin_seed42_20260215_184751 - max_train_steps=400, num_train_epochs=11, save_steps=100
02/15/2026 18:47:58 - INFO - macbert4csc_pinyin_screen_pinyin_seed42_20260215_184751 - ========== epoch 1/11 ==========
02/15/2026 18:56:39 - INFO - macbert4csc_pinyin_screen_pinyin_seed42_20260215_184751 - ========== epoch 2/11 ==========
02/15/2026 19:05:26 - INFO - macbert4csc_pinyin_screen_pinyin_seed42_20260215_184751 - ========== epoch 3/11 ==========
02/15/2026 19:12:30 - INFO - macbert4csc_pinyin_screen_pinyin_seed42_20260215_184751 - [eval] sample prediction:
02/15/2026 19:12:30 - INFO - macbert4csc_pinyin_screen_pinyin_seed42_20260215_184751 - [eval] src: 你好！我是张爱文。
02/15/2026 19:12:30 - INFO - macbert4csc_pinyin_screen_pinyin_seed42_20260215_184751 - [eval] trg: 你好！我是张爱文。
02/15/2026 19:12:30 - INFO - macbert4csc_pinyin_screen_pinyin_seed42_20260215_184751 - [eval] prd: 你好！我是张爱文。
02/15/2026 19:12:30 - INFO - macbert4csc_pinyin_screen_pinyin_seed42_20260215_184751 - [eval] step=100 cor_f1=0.0635 det_f1=0.0737 cor_p=0.7200 cor_r=0.0332
02/15/2026 19:12:30 - INFO - macbert4csc_pinyin_screen_pinyin_seed42_20260215_184751 - [gate] mean=0.5978 std=0.0915
02/15/2026 19:15:01 - INFO - macbert4csc_pinyin_screen_pinyin_seed42_20260215_184751 - ========== epoch 4/11 ==========
02/15/2026 19:24:05 - INFO - macbert4csc_pinyin_screen_pinyin_seed42_20260215_184751 - ========== epoch 5/11 ==========
02/15/2026 19:32:42 - INFO - macbert4csc_pinyin_screen_pinyin_seed42_20260215_184751 - ========== epoch 6/11 ==========
02/15/2026 19:36:55 - INFO - macbert4csc_pinyin_screen_pinyin_seed42_20260215_184751 - [eval] sample prediction:
02/15/2026 19:36:55 - INFO - macbert4csc_pinyin_screen_pinyin_seed42_20260215_184751 - [eval] src: 你好！我是张爱文。
02/15/2026 19:36:55 - INFO - macbert4csc_pinyin_screen_pinyin_seed42_20260215_184751 - [eval] trg: 你好！我是张爱文。
02/15/2026 19:36:55 - INFO - macbert4csc_pinyin_screen_pinyin_seed42_20260215_184751 - [eval] prd: 你好！我是张爱文。
02/15/2026 19:36:55 - INFO - macbert4csc_pinyin_screen_pinyin_seed42_20260215_184751 - [eval] step=200 cor_f1=0.2462 det_f1=0.3284 cor_p=0.7407 cor_r=0.1476
02/15/2026 19:36:55 - INFO - macbert4csc_pinyin_screen_pinyin_seed42_20260215_184751 - [gate] mean=0.6196 std=0.0911
02/15/2026 19:42:34 - INFO - macbert4csc_pinyin_screen_pinyin_seed42_20260215_184751 - ========== epoch 7/11 ==========
02/15/2026 19:52:27 - INFO - macbert4csc_pinyin_screen_pinyin_seed42_20260215_184751 - ========== epoch 8/11 ==========
02/15/2026 20:02:37 - INFO - macbert4csc_pinyin_screen_pinyin_seed42_20260215_184751 - ========== epoch 9/11 ==========
02/15/2026 20:04:34 - INFO - macbert4csc_pinyin_screen_pinyin_seed42_20260215_184751 - [eval] sample prediction:
02/15/2026 20:04:34 - INFO - macbert4csc_pinyin_screen_pinyin_seed42_20260215_184751 - [eval] src: 你好！我是张爱文。
02/15/2026 20:04:34 - INFO - macbert4csc_pinyin_screen_pinyin_seed42_20260215_184751 - [eval] trg: 你好！我是张爱文。
02/15/2026 20:04:34 - INFO - macbert4csc_pinyin_screen_pinyin_seed42_20260215_184751 - [eval] prd: 你好！我是张爱文。
02/15/2026 20:04:34 - INFO - macbert4csc_pinyin_screen_pinyin_seed42_20260215_184751 - [eval] step=300 cor_f1=0.3186 det_f1=0.4034 cor_p=0.7941 cor_r=0.1993
02/15/2026 20:04:34 - INFO - macbert4csc_pinyin_screen_pinyin_seed42_20260215_184751 - [gate] mean=0.6354 std=0.0903
02/15/2026 20:13:30 - INFO - macbert4csc_pinyin_screen_pinyin_seed42_20260215_184751 - ========== epoch 10/11 ==========
02/15/2026 20:23:08 - INFO - macbert4csc_pinyin_screen_pinyin_seed42_20260215_184751 - ========== epoch 11/11 ==========
02/15/2026 20:31:38 - INFO - macbert4csc_pinyin_screen_pinyin_seed42_20260215_184751 - [eval] sample prediction:
02/15/2026 20:31:38 - INFO - macbert4csc_pinyin_screen_pinyin_seed42_20260215_184751 - [eval] src: 你好！我是张爱文。
02/15/2026 20:31:38 - INFO - macbert4csc_pinyin_screen_pinyin_seed42_20260215_184751 - [eval] trg: 你好！我是张爱文。
02/15/2026 20:31:38 - INFO - macbert4csc_pinyin_screen_pinyin_seed42_20260215_184751 - [eval] prd: 你好！我是张爱文。
02/15/2026 20:31:38 - INFO - macbert4csc_pinyin_screen_pinyin_seed42_20260215_184751 - [eval] step=400 cor_f1=0.3444 det_f1=0.4414 cor_p=0.7987 cor_r=0.2196
02/15/2026 20:31:38 - INFO - macbert4csc_pinyin_screen_pinyin_seed42_20260215_184751 - [gate] mean=0.6404 std=0.0901
02/15/2026 20:31:38 - INFO - macbert4csc_pinyin_screen_pinyin_seed42_20260215_184751 - training finished: best_cor_f1=0.3444 at step=400
